#
# A fatal error has been detected by the Java Runtime Environment:
#
#  SIGSEGV (0xb) at pc=0x0000000000000000, pid=16597, tid=0x0000000000010107
#
# JRE version: Java(TM) SE Runtime Environment (8.0_121-b13) (build 1.8.0_121-b13)
# Java VM: Java HotSpot(TM) 64-Bit Server VM (25.121-b13 mixed mode bsd-amd64 compressed oops)
# Problematic frame:
# C  0x0000000000000000
#
# Failed to write core dump. Core dumps have been disabled. To enable core dumping, try "ulimit -c unlimited" before starting Java again
#
# If you would like to submit a bug report, please visit:
#   http://bugreport.java.com/bugreport/crash.jsp
#

---------------  T H R E A D  ---------------

Current thread is native thread

siginfo: si_signo: 11 (SIGSEGV), si_code: 1 (SEGV_MAPERR), si_addr: 0x0000000000000000

Registers:
RAX=0x000000011a86e508, RBX=0x00000000000161b0, RCX=0x0000000000000010, RDX=0xfffffffffffffff0
RSP=0x000070000879a9e8, RBP=0x000070000879aa90, RSI=0x0000000000000000, RDI=0x00007f98fea8b000
R8 =0x0000000000000200, R9 =0x00007f98fcf3b960, R10=0x00007f98fe03e228, R11=0x0000000000000510
R12=0x0000000000000200, R13=0x00007f98fea8b000, R14=0x00007f98fcf3b450, R15=0x0000000000000800
RIP=0x0000000000000000, EFLAGS=0x0000000000010246, ERR=0x0000000000000014
  TRAPNO=0x000000000000000e

Top of Stack: (sp=0x000070000879a9e8)
0x000070000879a9e8:   000000011a840639 000000010f729000
0x000070000879a9f8:   0000000000000001 00007f98fea931b0
0x000070000879aa08:   000000011aa9e010 00007f98fea911b0
0x000070000879aa18:   000002009a53c472 0000000000000000
0x000070000879aa28:   0000000000000800 0000000000000200
0x000070000879aa38:   00007f98fea8f1b0 00007f98fea8b000
0x000070000879aa48:   0000020000000000 0000000000000003
0x000070000879aa58:   000000000000037f a1c495f6658200b4
0x000070000879aa68:   00007f98fcf38b40 0000000000000200
0x000070000879aa78:   00007f98fcf38438 00007f98fcf3b450
0x000070000879aa88:   00007f98fcf3b960 000070000879aaa0
0x000070000879aa98:   000000011a8502ef 000070000879ab20
0x000070000879aaa8:   000000011a8971f9 000000010f729000
0x000070000879aab8:   00007f98fcf38bb8 00007f98fe03e000
0x000070000879aac8:   00007f98fe03e1f8 00007f98fcf38b40
0x000070000879aad8:   0000000000000001 000070000879ac58
0x000070000879aae8:   000070000879ac38 0000020000000000
0x000070000879aaf8:   000070000879ac38 00007f98fe03e000
0x000070000879ab08:   00007f98fcf383c0 00007f98fcd9b280
0x000070000879ab18:   0000000000000200 000070000879ab70
0x000070000879ab28:   000000011a9a4084 000070000879ac10
0x000070000879ab38:   000070000879ac58 000000000879ab60
0x000070000879ab48:   0000000000000000 00007f98fe03e000
0x000070000879ab58:   0000000000000000 0000000000000200
0x000070000879ab68:   00007f98fcd9b280 000070000879abe0
0x000070000879ab78:   000000011a9a3d84 00007f98fcd9b280
0x000070000879ab88:   00007f98fcf383c0 000070000879ac38
0x000070000879ab98:   00007f98fcd9b280 00001fa0dae5ed30
0x000070000879aba8:   000070000879ac58 00009fe000000000
0x000070000879abb8:   00007f98fe03e000 00007f98fcd9b280
0x000070000879abc8:   00007f98fcd6ba30 0000000000000200
0x000070000879abd8:   0000000000000200 000070000879acd0 

Instructions: (pc=0x0000000000000000)
0xffffffffffffffe0:   

Register to memory mapping:

RAX=0x000000011a86e508: PlaybackBackend+0x20 in /var/folders/jt/lkvcr3qn0_ndp21005p0gz9m0000gn/T/libgdxzexiliu/f7649394/openal.dylib at 0x000000011a825000
RBX=0x00000000000161b0 is an unknown value
RCX=0x0000000000000010 is an unknown value
RDX=0xfffffffffffffff0 is an unknown value
RSP=0x000070000879a9e8 is an unknown value
RBP=0x000070000879aa90 is an unknown value
RSI=0x0000000000000000 is an unknown value
RDI=0x00007f98fea8b000 is an unknown value
R8 =0x0000000000000200 is an unknown value
R9 =0x00007f98fcf3b960 is an unknown value
R10=0x00007f98fe03e228 is an unknown value
R11=0x0000000000000510 is an unknown value
R12=0x0000000000000200 is an unknown value
R13=0x00007f98fea8b000 is an unknown value
R14=0x00007f98fcf3b450 is an unknown value
R15=0x0000000000000800 is an unknown value


Stack: [0x000070000871b000,0x000070000879b000],  sp=0x000070000879a9e8,  free space=510k

---------------  P R O C E S S  ---------------

VM state:at safepoint (shutting down)

VM Mutex/Monitor currently owned by a thread:  ([mutex/lock_event])
[0x00007f98fcd09cf0] Threads_lock - owner thread: 0x00007f98fd826000

Heap:
 PSYoungGen      total 270848K, used 106710K [0x00000007aab00000, 0x00000007bf100000, 0x00000007c0000000)
  eden space 265728K, 40% used [0x00000007aab00000,0x00000007b13020f8,0x00000007bae80000)
  from space 5120K, 4% used [0x00000007be700000,0x00000007be733890,0x00000007bec00000)
  to   space 4608K, 0% used [0x00000007bec80000,0x00000007bec80000,0x00000007bf100000)
 ParOldGen       total 44032K, used 7513K [0x0000000780000000, 0x0000000782b00000, 0x00000007aab00000)
  object space 44032K, 17% used [0x0000000780000000,0x0000000780756660,0x0000000782b00000)
 Metaspace       used 15992K, capacity 16161K, committed 16512K, reserved 1064960K
  class space    used 1798K, capacity 1866K, committed 1920K, reserved 1048576K

Card table byte_map: [0x00000001113c0000,0x00000001115c1000] byte_map_base: 0x000000010d7c0000

Marking Bits: (ParMarkBitMap*) 0x000000011007ad30
 Begin Bits: [0x0000000111717000, 0x0000000112717000)
 End Bits:   [0x0000000112717000, 0x0000000113717000)

Polling page: 0x000000011076f000

CodeCache: size=245760Kb used=5310Kb max_used=5318Kb free=240449Kb
 bounds [0x000000011c93c000, 0x000000011ce7c000, 0x000000012b93c000]
 total_blobs=2127 nmethods=1590 adapters=451
 compilation: enabled

Compilation events (10 events):
Event: 13.226 Thread 0x00007f98fd035800 1586       1       org.lwjgl.opengl.MacOSXDisplay::isVisible (2 bytes)
Event: 13.226 Thread 0x00007f98fd035800 nmethod 1586 0x000000011ce6f310 code [0x000000011ce6f460, 0x000000011ce6f570]
Event: 13.229 Thread 0x00007f98fd034800 1590       4       java.util.HashMap::<init> (11 bytes)
Event: 13.230 Thread 0x00007f98fd034800 nmethod 1590 0x000000011cdac990 code [0x000000011cdacae0, 0x000000011cdacb38]
Event: 13.248 Thread 0x00007f98fd035800 1588       3       java.util.Formatter$Flags::contains (22 bytes)
Event: 13.248 Thread 0x00007f98fd035800 nmethod 1588 0x000000011ce71dd0 code [0x000000011ce71f40, 0x000000011ce72150]
Event: 13.248 Thread 0x00007f98fd035800 1589       3       java.util.Hashtable$Enumerator::next (27 bytes)
Event: 13.249 Thread 0x00007f98fd035800 nmethod 1589 0x000000011ce71850 code [0x000000011ce719e0, 0x000000011ce71c98]
Event: 13.249 Thread 0x00007f98fd035800 1591       1       java.util.logging.LogManager::access$500 (5 bytes)
Event: 13.250 