#
# A fatal error has been detected by the Java Runtime Environment:
#
#  SIGSEGV (0xb) at pc=0x0000000000000000, pid=16075, tid=0x0000000000010007
#
# JRE version: Java(TM) SE Runtime Environment (8.0_121-b13) (build 1.8.0_121-b13)
# Java VM: Java HotSpot(TM) 64-Bit Server VM (25.121-b13 mixed mode bsd-amd64 compressed oops)
# Problematic frame:
# C  0x0000000000000000
#
# Failed to write core dump. Core dumps have been disabled. To enable core dumping, try "ulimit -c unlimited" before starting Java again
#
# If you would like to submit a bug report, please visit:
#   http://bugreport.java.com/bugreport/crash.jsp
#

---------------  T H R E A D  ---------------

Current thread is native thread

siginfo: si_signo: 11 (SIGSEGV), si_code: 1 (SEGV_MAPERR), si_addr: 0x0000000000000000

Registers:
RAX=0x000000010ef95508, RBX=0x00000000000161b0, RCX=0x0000000000000010, RDX=0xfffffffffffffff0
RSP=0x000070000a8ff9e8, RBP=0x000070000a8ffa90, RSI=0x0000000000000000, RDI=0x00007fed6a0c3800
R8 =0x0000000000000200, R9 =0x00007fed68eae710, R10=0x00007fed69a02628, R11=0xffffffffffffca50
R12=0x0000000000000200, R13=0x00007fed6a0c3800, R14=0x00007fed68eb1cc0, R15=0x0000000000000800
RIP=0x0000000000000000, EFLAGS=0x0000000000010246, ERR=0x0000000000000014
  TRAPNO=0x000000000000000e

Top of Stack: (sp=0x000070000a8ff9e8)
0x000070000a8ff9e8:   000000010ef67639 0000000103e4f000
0x000070000a8ff9f8:   0000000000000001 00007fed6a0cb9b0
0x000070000a8ffa08:   000000010f34e010 00007fed6a0c99b0
0x000070000a8ffa18:   000002009a53c472 0000000000000000
0x000070000a8ffa28:   0000000000000800 0000000000000200
0x000070000a8ffa38:   00007fed6a0c79b0 00007fed6a0c3800
0x000070000a8ffa48:   0000020000000000 0000000000000003
0x000070000a8ffa58:   000000000000037f e2b9b6469a3700cb
0x000070000a8ffa68:   00007fed68eacc40 0000000000000200
0x000070000a8ffa78:   00007fed68eacf48 00007fed68eb1cc0
0x000070000a8ffa88:   00007fed68eae710 000070000a8ffaa0
0x000070000a8ffa98:   000000010ef772ef 000070000a8ffb20
0x000070000a8ffaa8:   000000010efbe1f9 0000000103e4f000
0x000070000a8ffab8:   00007fed68eaccb8 00007fed69a02400
0x000070000a8ffac8:   00007fed69a025f8 00007fed68eacc40
0x000070000a8ffad8:   0000000000000001 000070000a8ffc58
0x000070000a8ffae8:   000070000a8ffc38 0000020000000000
0x000070000a8ffaf8:   000070000a8ffc38 00007fed69a02400
0x000070000a8ffb08:   00007fed68eaced0 00007fed68e4e670
0x000070000a8ffb18:   0000000000000200 000070000a8ffb70
0x000070000a8ffb28:   000000010f0cb084 000070000a8ffc10
0x000070000a8ffb38:   000070000a8ffc58 000000000a8ffb60
0x000070000a8ffb48:   0000000000000000 00007fed69a02400
0x000070000a8ffb58:   0000000000000000 0000000000000200
0x000070000a8ffb68:   00007fed68e4e670 000070000a8ffbe0
0x000070000a8ffb78:   000000010f0cad84 00007fed68e4e670
0x000070000a8ffb88:   00007fed68eaced0 000070000a8ffc38
0x000070000a8ffb98:   00007fed68e4e670 00001fa0df70ef56
0x000070000a8ffba8:   000070000a8ffc58 00009fe000000000
0x000070000a8ffbb8:   00007fed69a02400 00007fed68e4e670
0x000070000a8ffbc8:   00007fed68ec3960 0000000000000200
0x000070000a8ffbd8:   0000000000000200 000070000a8ffcd0 

Instructions: (pc=0x0000000000000000)
0xffffffffffffffe0:   

Register to memory mapping:

RAX=0x000000010ef95508: PlaybackBackend+0x20 in /var/folders/jt/lkvcr3qn0_ndp21005p0gz9m0000gn/T/libgdxzexiliu/f7649394/openal.dylib at 0x000000010ef4c000
RBX=0x00000000000161b0 is an unknown value
RCX=0x0000000000000010 is an unknown value
RDX=0xfffffffffffffff0 is an unknown value
RSP=0x000070000a8ff9e8 is an unknown value
RBP=0x000070000a8ffa90 is an unknown value
RSI=0x0000000000000000 is an unknown value
RDI=0x00007fed6a0c3800 is an unknown value
R8 =0x0000000000000200 is an unknown value
R9 =0x00007fed68eae710 is an unknown value
R10=0x00007fed69a02628 is an unknown value
R11=0xffffffffffffca50 is an unknown value
R12=0x0000000000000200 is an unknown value
R13=0x00007fed6a0c3800 is an unknown value
R14=0x00007fed68eb1cc0 is an unknown value
R15=0x0000000000000800 is an unknown value


Stack: [0x000070000a880000,0x000070000a900000],  sp=0x000070000a8ff9e8,  free space=510k

---------------  P R O C E S S  ---------------

VM state:at safepoint (shutting down)

VM Mutex/Monitor currently owned by a thread:  ([mutex/lock_event])
[0x00007fed68c08950] Threads_lock - owner thread: 0x00007fed6a003800

Heap:
 PSYoungGen      total 31744K, used 9645K [0x00000007aab00000, 0x00000007af100000, 0x00000007c0000000)
  eden space 30720K, 28% used [0x00000007aab00000,0x00000007ab388630,0x00000007ac900000)
  from space 1024K, 88% used [0x00000007ae880000,0x00000007ae963130,0x00000007ae980000)
  to   space 5632K, 0% used [0x00000007aeb80000,0x00000007aeb80000,0x00000007af100000)
 ParOldGen       total 44032K, used 6232K [0x0000000780000000, 0x0000000782b00000, 0x00000007aab00000)
  object space 44032K, 14% used [0x0000000780000000,0x00000007806163c0,0x0000000782b00000)
 Metaspace       used 16168K, capacity 16371K, committed 16512K, reserved 1064960K
  class space    used 1800K, capacity 1867K, committed 1920K, reserved 1048576K

Card table byte_map: [0x0000000105bc0000,0x0000000105dc1000] byte_map_base: 0x0000000101fc0000

Marking Bits: (ParMarkBitMap*) 0x00000001047a0d30
